Started at Thu Jan 13 05:38:31 UTC 2022
Processing build job
Offering build job to Project Build Discarder
Processing integration
Offering integration to Project Build Discarder
Processing test
Offering test to Project Build Discarder
Finished at Thu Jan 13 05:38:31 UTC 2022. 6ms
Started at Thu Jan 13 06:38:31 UTC 2022
Processing build job
Offering build job to Project Build Discarder
Processing Code_analysis
Offering Code_analysis to Project Build Discarder
Processing deploy staging
Offering deploy staging to Project Build Discarder
Processing integration
Offering integration to Project Build Discarder
Processing sonarscanner-code analysis
Offering sonarscanner-code analysis to Project Build Discarder
Processing test
Offering test to Project Build Discarder
Finished at Thu Jan 13 06:38:31 UTC 2022. 4ms
